{
  "stats": {
    "suites": 1,
    "tests": 1,
    "passes": 1,
    "pending": 0,
    "failures": 0,
    "start": "2025-05-04T11:28:03.255Z",
    "end": "2025-05-04T11:29:03.303Z",
    "duration": 60048,
    "testsRegistered": 1,
    "passPercent": 100,
    "pendingPercent": 0,
    "other": 0,
    "hasOther": false,
    "skipped": 0,
    "hasSkipped": false
  },
  "results": [
    {
      "uuid": "68ff23bc-92ce-4f05-8136-ff4f5ebc3d13",
      "title": "",
      "fullFile": "cypress/e2e/tests/checkout.cy.js",
      "file": "cypress/e2e/tests/checkout.cy.js",
      "beforeHooks": [],
      "afterHooks": [],
      "tests": [],
      "suites": [
        {
          "uuid": "930e6b58-302b-471f-b11b-c7033b70d183",
          "title": "Checkout From wishlist",
          "fullFile": "",
          "file": "",
          "beforeHooks": [],
          "afterHooks": [],
          "tests": [
            {
              "title": "should add product to wishlist and checkout from wishlist",
              "fullTitle": "Checkout From wishlist should add product to wishlist and checkout from wishlist",
              "timedOut": null,
              "duration": 60026,
              "state": "passed",
              "speed": "slow",
              "pass": true,
              "fail": false,
              "pending": false,
              "context": null,
              "code": "const productName = 'Diva Gym Tee';\nproductPage.addProductToWishlist(productName);\nproductPage.moveToCartFromWishlist(productName);\nproductPage.goToCart();\ncheckoutPage.proccedToCheckout();\ncy.fixture('Checkout.json').then(data => {\n  checkoutPage.completeCheckout(data);\n  checkoutPage.placeOrder(data);\n});\ncy.contains('Thank you for your purchase!').should('be.visible');",
              "err": {},
              "uuid": "7e6303c2-2001-4a58-8f84-3a6f5e43cf52",
              "parentUUID": "930e6b58-302b-471f-b11b-c7033b70d183",
              "isHook": false,
              "skipped": false
            }
          ],
          "suites": [],
          "passes": [
            "7e6303c2-2001-4a58-8f84-3a6f5e43cf52"
          ],
          "failures": [],
          "pending": [],
          "skipped": [],
          "duration": 60026,
          "root": false,
          "rootEmpty": false,
          "_timeout": 2000
        }
      ],
      "passes": [],
      "failures": [],
      "pending": [],
      "skipped": [],
      "duration": 0,
      "root": true,
      "rootEmpty": true,
      "_timeout": 2000
    }
  ],
  "meta": {
    "mocha": {
      "version": "7.2.0"
    },
    "mochawesome": {
      "options": {
        "quiet": false,
        "reportFilename": "mochawesome",
        "saveHtml": true,
        "saveJson": true,
        "consoleReporter": "spec",
        "useInlineDiffs": false,
        "code": true
      },
      "version": "7.1.3"
    },
    "marge": {
      "options": {
        "reportDir": "cypress/reports",
        "overwrite": false,
        "html": true,
        "json": true
      },
      "version": "6.2.0"
    }
  }
}