{
  "stats": {
    "suites": 1,
    "tests": 1,
    "passes": 1,
    "pending": 0,
    "failures": 0,
    "start": "2025-05-04T12:04:01.634Z",
    "end": "2025-05-04T12:04:12.277Z",
    "duration": 10643,
    "testsRegistered": 1,
    "passPercent": 100,
    "pendingPercent": 0,
    "other": 0,
    "hasOther": false,
    "skipped": 0,
    "hasSkipped": false
  },
  "results": [
    {
      "uuid": "ad72d25c-8a0d-499c-8305-9164b1d1f333",
      "title": "",
      "fullFile": "cypress/e2e/tests/search.cy.js",
      "file": "cypress/e2e/tests/search.cy.js",
      "beforeHooks": [],
      "afterHooks": [],
      "tests": [],
      "suites": [
        {
          "uuid": "0458f94c-de36-4a3c-b77c-5b871e7af1cb",
          "title": "Search and Validate Results",
          "fullFile": "",
          "file": "",
          "beforeHooks": [],
          "afterHooks": [],
          "tests": [
            {
              "title": "Search for a product and validate the search results",
              "fullTitle": "Search and Validate Results Search for a product and validate the search results",
              "timedOut": null,
              "duration": 10607,
              "state": "passed",
              "speed": "slow",
              "pass": true,
              "fail": false,
              "pending": false,
              "context": null,
              "code": "const productName = 'Tee';\nproductPage.searchProduct(productName);\nproductPage.validateSearchResults(productName);",
              "err": {},
              "uuid": "9cdf04cc-4d81-4f7d-a298-bfae72794a99",
              "parentUUID": "0458f94c-de36-4a3c-b77c-5b871e7af1cb",
              "isHook": false,
              "skipped": false
            }
          ],
          "suites": [],
          "passes": [
            "9cdf04cc-4d81-4f7d-a298-bfae72794a99"
          ],
          "failures": [],
          "pending": [],
          "skipped": [],
          "duration": 10607,
          "root": false,
          "rootEmpty": false,
          "_timeout": 2000
        }
      ],
      "passes": [],
      "failures": [],
      "pending": [],
      "skipped": [],
      "duration": 0,
      "root": true,
      "rootEmpty": true,
      "_timeout": 2000
    }
  ],
  "meta": {
    "mocha": {
      "version": "7.2.0"
    },
    "mochawesome": {
      "options": {
        "quiet": false,
        "reportFilename": "mochawesome",
        "saveHtml": true,
        "saveJson": true,
        "consoleReporter": "spec",
        "useInlineDiffs": false,
        "code": true
      },
      "version": "7.1.3"
    },
    "marge": {
      "options": {
        "reportDir": "cypress/reports",
        "overwrite": false,
        "html": true,
        "json": true
      },
      "version": "6.2.0"
    }
  }
}