{
  "stats": {
    "suites": 1,
    "tests": 1,
    "passes": 1,
    "pending": 0,
    "failures": 0,
    "start": "2025-05-04T12:03:45.108Z",
    "end": "2025-05-04T12:04:01.054Z",
    "duration": 15946,
    "testsRegistered": 1,
    "passPercent": 100,
    "pendingPercent": 0,
    "other": 0,
    "hasOther": false,
    "skipped": 0,
    "hasSkipped": false
  },
  "results": [
    {
      "uuid": "3045b050-a1a5-4b81-a82e-965189160c80",
      "title": "",
      "fullFile": "cypress/e2e/tests/register.cy.js",
      "file": "cypress/e2e/tests/register.cy.js",
      "beforeHooks": [],
      "afterHooks": [],
      "tests": [],
      "suites": [
        {
          "uuid": "abd9891f-58b7-48fc-8fc0-a0caf10a402e",
          "title": "User Registration Test",
          "fullFile": "",
          "file": "",
          "beforeHooks": [],
          "afterHooks": [],
          "tests": [
            {
              "title": "Register a new user and login with that user",
              "fullTitle": "User Registration Test Register a new user and login with that user",
              "timedOut": null,
              "duration": 15928,
              "state": "passed",
              "speed": "slow",
              "pass": true,
              "fail": false,
              "pending": false,
              "context": null,
              "code": "cy.fixture('Registration.json').then(value => {\n  registrationPage.clickCreateAnAccount(value);\n  registrationPage.fillRegistrationForm(value);\n  registrationPage.submitForm(value);\n  registrationPage.verifyRegistrationSuccessful(value);\n});\ncy.fixture('Account.json').then(data => {\n  accountPage.signout(data);\n  accountPage.signInLink(data);\n  accountPage.login(data);\n});",
              "err": {},
              "uuid": "4ecc8d4b-2f88-49e0-a8e4-1538d7171802",
              "parentUUID": "abd9891f-58b7-48fc-8fc0-a0caf10a402e",
              "isHook": false,
              "skipped": false
            }
          ],
          "suites": [],
          "passes": [
            "4ecc8d4b-2f88-49e0-a8e4-1538d7171802"
          ],
          "failures": [],
          "pending": [],
          "skipped": [],
          "duration": 15928,
          "root": false,
          "rootEmpty": false,
          "_timeout": 2000
        }
      ],
      "passes": [],
      "failures": [],
      "pending": [],
      "skipped": [],
      "duration": 0,
      "root": true,
      "rootEmpty": true,
      "_timeout": 2000
    }
  ],
  "meta": {
    "mocha": {
      "version": "7.2.0"
    },
    "mochawesome": {
      "options": {
        "quiet": false,
        "reportFilename": "mochawesome",
        "saveHtml": true,
        "saveJson": true,
        "consoleReporter": "spec",
        "useInlineDiffs": false,
        "code": true
      },
      "version": "7.1.3"
    },
    "marge": {
      "options": {
        "reportDir": "cypress/reports",
        "overwrite": false,
        "html": true,
        "json": true
      },
      "version": "6.2.0"
    }
  }
}